2016-11-19 14:48:15,760  INFO CtsigSpringbootApplication:48 ---- Starting CtsigSpringbootApplication on DESKTOP-0SQNBSM with PID 11632 (D:\Workspaces\IDEA_WS\ctsig-ssm\target\classes started by Shen in D:\Workspaces\IDEA_WS\ctsig-ssm)
2016-11-19 14:48:15,766  INFO CtsigSpringbootApplication:665 ---- The following profiles are active: dev
2016-11-19 14:48:21,631  INFO CtsigSpringbootApplication:57 ---- Started CtsigSpringbootApplication in 6.601 seconds (JVM running for 7.967)
2016-11-19 14:49:25,091  INFO CtsigSpringbootApplication:48 ---- Starting CtsigSpringbootApplication on DESKTOP-0SQNBSM with PID 7956 (D:\Workspaces\IDEA_WS\ctsig-ssm\target\classes started by Shen in D:\Workspaces\IDEA_WS\ctsig-ssm)
2016-11-19 14:49:25,094  INFO CtsigSpringbootApplication:665 ---- The following profiles are active: dev
2016-11-19 14:49:31,597  INFO CtsigSpringbootApplication:57 ---- Started CtsigSpringbootApplication in 7.044 seconds (JVM running for 7.673)
2016-11-19 14:52:26,073  INFO CtsigSpringbootApplication:48 ---- Starting CtsigSpringbootApplication on DESKTOP-0SQNBSM with PID 4596 (D:\Workspaces\IDEA_WS\ctsig-ssm\target\classes started by Shen in D:\Workspaces\IDEA_WS\ctsig-ssm)
2016-11-19 14:52:26,077  INFO CtsigSpringbootApplication:665 ---- The following profiles are active: dev
2016-11-19 14:52:31,265  INFO CtsigSpringbootApplication:57 ---- Started CtsigSpringbootApplication in 5.893 seconds (JVM running for 6.846)
2016-11-19 14:54:17,913  INFO CtsigSpringbootApplication:48 ---- Starting CtsigSpringbootApplication on DESKTOP-0SQNBSM with PID 748 (D:\Workspaces\IDEA_WS\ctsig-ssm\target\classes started by Shen in D:\Workspaces\IDEA_WS\ctsig-ssm)
2016-11-19 14:54:17,917  INFO CtsigSpringbootApplication:665 ---- The following profiles are active: dev
2016-11-19 14:54:23,443  INFO CtsigSpringbootApplication:57 ---- Started CtsigSpringbootApplication in 6.156 seconds (JVM running for 6.845)
2016-11-19 14:56:32,537  INFO CtsigSpringbootApplication:48 ---- Starting CtsigSpringbootApplication on DESKTOP-0SQNBSM with PID 9960 (D:\Workspaces\IDEA_WS\ctsig-ssm\target\classes started by Shen in D:\Workspaces\IDEA_WS\ctsig-ssm)
2016-11-19 14:56:32,541  INFO CtsigSpringbootApplication:665 ---- The following profiles are active: dev
2016-11-19 14:56:37,553  INFO CtsigSpringbootApplication:57 ---- Started CtsigSpringbootApplication in 5.657 seconds (JVM running for 6.46)
2016-11-19 14:57:44,634  INFO CtsigSpringbootApplication:48 ---- Starting CtsigSpringbootApplication on DESKTOP-0SQNBSM with PID 7296 (D:\Workspaces\IDEA_WS\ctsig-ssm\target\classes started by Shen in D:\Workspaces\IDEA_WS\ctsig-ssm)
2016-11-19 14:57:44,644  INFO CtsigSpringbootApplication:665 ---- The following profiles are active: dev
2016-11-19 14:57:50,092  INFO CtsigSpringbootApplication:57 ---- Started CtsigSpringbootApplication in 6.14 seconds (JVM running for 6.714)
2016-11-19 14:58:11,410  INFO CtsigSpringbootApplication:48 ---- Starting CtsigSpringbootApplication on DESKTOP-0SQNBSM with PID 3764 (D:\Workspaces\IDEA_WS\ctsig-ssm\target\classes started by Shen in D:\Workspaces\IDEA_WS\ctsig-ssm)
2016-11-19 14:58:11,413  INFO CtsigSpringbootApplication:665 ---- The following profiles are active: dev
2016-11-19 14:58:17,564  INFO CtsigSpringbootApplication:57 ---- Started CtsigSpringbootApplication in 6.696 seconds (JVM running for 7.251)
2016-11-19 15:17:26,362  INFO CtsigSpringbootApplication:48 ---- Starting CtsigSpringbootApplication on DESKTOP-0SQNBSM with PID 3168 (D:\Workspaces\IDEA_WS\ctsig-ssm\target\classes started by Shen in D:\Workspaces\IDEA_WS\ctsig-ssm)
2016-11-19 15:17:26,365  INFO CtsigSpringbootApplication:665 ---- The following profiles are active: redis,jdbc,dev
2016-11-19 15:17:33,519  INFO CtsigSpringbootApplication:57 ---- Started CtsigSpringbootApplication in 7.798 seconds (JVM running for 8.456)
2016-11-19 17:51:11,552  INFO MybatisTest:48 ---- Starting MybatisTest on DESKTOP-0SQNBSM with PID 5844 (started by Shen in D:\Workspaces\IDEA_WS\ctsig-ssm)
2016-11-19 17:51:11,553  INFO MybatisTest:665 ---- The following profiles are active: redis,jdbc,mail,dev
2016-11-19 17:51:23,324  INFO MybatisTest:57 ---- Started MybatisTest in 12.399 seconds (JVM running for 15.437)
